[     305ms] [ERROR] ./lib/supabase/server.ts:2:1
You're importing a module that depends on "next/headers". This API is only available in Server Components in the App Router, but you are using it in the Pages Router.
    Learn more: https://nextjs.org/docs/app/building-your-application/rendering/server-components
  1 | import { createServerClient } from '@supabase/ssr'
> 2 | import { cookies } from 'next/headers'
    | ^^^^^^^^^^^^^^^^^^^^^^^^^^^^^^^^^^^^^^
  3 |
  4 | export async function createClient() {
  5 |   const cookieStore = await cookies()

Ecmascript file had an error

Import traces:
  #1 [Server Component]:
    ./lib/supabase/server.ts
    ./app/layout.tsx

  #2 [Server Component]:
    ./lib/supabase/server.ts
    ./app/login/page.tsx

  #3 [Server Component]:
    ./lib/supabase/server.ts
    ./lib/actions/profile.ts

  #4 [Client Component Browser]:
    ./lib/supabase/server.ts [Client Component Browser]
    ./lib/i18n/server.ts [Client Component Browser]
    ./lib/i18n/index.ts [Client Component Browser]
    ./app/login/LoginForm.tsx [Client Component Browser]
    ./app/login/LoginForm.tsx [Server Component]
    ./app/login/page.tsx [Server Component]

  #5 [Client Component SSR]:
    ./lib/supabase/server.ts [Client Component SSR]
    ./lib/i18n/server.ts [Client Component SSR]
    ./lib/i18n/index.ts [Client Component SSR]
    ./app/login/LoginForm.tsx [Client Component SSR]
    ./app/login/LoginForm.tsx [Server Component]
    ./app/login/page.tsx [Server Component] @ http://localhost:3000/_next/static/chunks/node_modules_next_dist_1gdrd03._.js:1945
[     423ms] [LOG] [Fast Refresh] rebuilding @ http://localhost:3000/_next/static/chunks/node_modules_next_dist_1gdrd03._.js:1226
[     581ms] [ERROR] ./lib/supabase/server.ts:2:1
You're importing a module that depends on "next/headers". This API is only available in Server Components in the App Router, but you are using it in the Pages Router.
    Learn more: https://nextjs.org/docs/app/building-your-application/rendering/server-components
  1 | import { createServerClient } from '@supabase/ssr'
> 2 | import { cookies } from 'next/headers'
    | ^^^^^^^^^^^^^^^^^^^^^^^^^^^^^^^^^^^^^^
  3 |
  4 | export async function createClient() {
  5 |   const cookieStore = await cookies()

Ecmascript file had an error

Import traces:
  #1 [Server Component]:
    ./lib/supabase/server.ts
    ./app/layout.tsx

  #2 [Server Component]:
    ./lib/supabase/server.ts
    ./app/login/page.tsx

  #3 [Server Component]:
    ./lib/supabase/server.ts
    ./lib/actions/profile.ts

  #4 [Client Component Browser]:
    ./lib/supabase/server.ts [Client Component Browser]
    ./lib/i18n/server.ts [Client Component Browser]
    ./lib/i18n/index.ts [Client Component Browser]
    ./app/login/LoginForm.tsx [Client Component Browser]
    ./app/login/LoginForm.tsx [Server Component]
    ./app/login/page.tsx [Server Component]

  #5 [Client Component SSR]:
    ./lib/supabase/server.ts [Client Component SSR]
    ./lib/i18n/server.ts [Client Component SSR]
    ./lib/i18n/index.ts [Client Component SSR]
    ./app/login/LoginForm.tsx [Client Component SSR]
    ./app/login/LoginForm.tsx [Server Component]
    ./app/login/page.tsx [Server Component] @ http://localhost:3000/_next/static/chunks/node_modules_next_dist_1gdrd03._.js:1945
[     604ms] [ERROR] Failed to load resource: the server responded with a status of 500 (Internal Server Error) @ http://localhost:3000/:0
[     638ms] [INFO] %cDownload the React DevTools for a better development experience: https://react.dev/link/react-devtools font-weight:bold @ http://localhost:3000/_next/static/chunks/node_modules_react-dom_0kla17-._.js:15305
[     647ms] Error: ./lib/supabase/server.ts:2:1
You're importing a module that depends on "next/headers". This API is only available in Server Components in the App Router, but you are using it in the Pages Router.
    Learn more: https://nextjs.org/docs/app/building-your-application/rendering/server-components
  1 | import { createServerClient } from '@supabase/ssr'
> 2 | import { cookies } from 'next/headers'
    | ^^^^^^^^^^^^^^^^^^^^^^^^^^^^^^^^^^^^^^
  3 |
  4 | export async function createClient() {
  5 |   const cookieStore = await cookies()

Ecmascript file had an error

Import traces:
  #1 [Server Component]:
    ./lib/supabase/server.ts
    ./app/layout.tsx

  #2 [Server Component]:
    ./lib/supabase/server.ts
    ./app/login/page.tsx

  #3 [Server Component]:
    ./lib/supabase/server.ts
    ./lib/actions/profile.ts

  #4 [Client Component Browser]:
    ./lib/supabase/server.ts [Client Component Browser]
    ./lib/i18n/server.ts [Client Component Browser]
    ./lib/i18n/index.ts [Client Component Browser]
    ./app/login/LoginForm.tsx [Client Component Browser]
    ./app/login/LoginForm.tsx [Server Component]
    ./app/login/page.tsx [Server Component]

  #5 [Client Component SSR]:
    ./lib/supabase/server.ts [Client Component SSR]
    ./lib/i18n/server.ts [Client Component SSR]
    ./lib/i18n/index.ts [Client Component SSR]
    ./app/login/LoginForm.tsx [Client Component SSR]
    ./app/login/LoginForm.tsx [Server Component]
    ./app/login/page.tsx [Server Component]


    at <unknown> (Error: ./lib/supabase/server.ts:2:1)
    at Object.getCompilationErrors (file://C:\Sources\Greg\Greg.Lista\src\node_modules\next\dist\server\dev\hot-reloader-turbopack.js:1186:59)
    at DevBundlerService.getCompilationError (file://C:\Sources\Greg\Greg.Lista\src\node_modules\next\dist\server\lib\dev-bundler-service.js:44:55)
    at DevServer.getCompilationError (file://C:\Sources\Greg\Greg.Lista\src\node_modules\next\dist\server\dev\next-dev-server.js:720:42)
    at DevServer.findPageComponents (file://C:\Sources\Greg\Greg.Lista\src\node_modules\next\dist\server\dev\next-dev-server.js:690:43)
    at async DevServer.renderErrorToResponseImpl (file://C:\Sources\Greg\Greg.Lista\src\node_modules\next\dist\server\base-server.js:1753:26)
[     647ms] [LOG] [HMR] connected @ http://localhost:3000/_next/static/chunks/node_modules_next_dist_1gdrd03._.js:1226
[    1019ms] [ERROR] ./lib/supabase/server.ts:2:1
You're importing a module that depends on "next/headers". This API is only available in Server Components in the App Router, but you are using it in the Pages Router.
    Learn more: https://nextjs.org/docs/app/building-your-application/rendering/server-components
  1 | import { createServerClient } from '@supabase/ssr'
> 2 | import { cookies } from 'next/headers'
    | ^^^^^^^^^^^^^^^^^^^^^^^^^^^^^^^^^^^^^^
  3 |
  4 | export async function createClient() {
  5 |   const cookieStore = await cookies()

Ecmascript file had an error

Import traces:
  #1 [Server Component]:
    ./lib/supabase/server.ts
    ./app/layout.tsx

  #2 [Server Component]:
    ./lib/supabase/server.ts
    ./app/login/page.tsx

  #3 [Server Component]:
    ./lib/supabase/server.ts
    ./lib/actions/profile.ts

  #4 [Client Component Browser]:
    ./lib/supabase/server.ts [Client Component Browser]
    ./lib/i18n/server.ts [Client Component Browser]
    ./lib/i18n/index.ts [Client Component Browser]
    ./app/login/LoginForm.tsx [Client Component Browser]
    ./app/login/LoginForm.tsx [Server Component]
    ./app/login/page.tsx [Server Component]

  #5 [Client Component SSR]:
    ./lib/supabase/server.ts [Client Component SSR]
    ./lib/i18n/server.ts [Client Component SSR]
    ./lib/i18n/index.ts [Client Component SSR]
    ./app/login/LoginForm.tsx [Client Component SSR]
    ./app/login/LoginForm.tsx [Server Component]
    ./app/login/page.tsx [Server Component] @ http://localhost:3000/_next/static/chunks/node_modules_next_dist_1gdrd03._.js:1945
[    1019ms] [ERROR] ./lib/supabase/server.ts:2:1
You're importing a module that depends on "next/headers". This API is only available in Server Components in the App Router, but you are using it in the Pages Router.
    Learn more: https://nextjs.org/docs/app/building-your-application/rendering/server-components
  1 | import { createServerClient } from '@supabase/ssr'
> 2 | import { cookies } from 'next/headers'
    | ^^^^^^^^^^^^^^^^^^^^^^^^^^^^^^^^^^^^^^
  3 |
  4 | export async function createClient() {
  5 |   const cookieStore = await cookies()

Ecmascript file had an error

Import traces:
  #1 [Server Component]:
    ./lib/supabase/server.ts
    ./app/layout.tsx

  #2 [Server Component]:
    ./lib/supabase/server.ts
    ./app/page.tsx

  #3 [Server Component]:
    ./lib/supabase/server.ts
    ./lib/actions/lists.ts

  #4 [Client Component Browser]:
    ./lib/supabase/server.ts [Client Component Browser]
    ./lib/i18n/server.ts [Client Component Browser]
    ./lib/i18n/index.ts [Client Component Browser]
    ./components/ui/BottomNav.tsx [Client Component Browser]
    ./components/ui/BottomNav.tsx [Server Component]
    ./app/page.tsx [Server Component]

  #5 [Client Component SSR]:
    ./lib/supabase/server.ts [Client Component SSR]
    ./lib/i18n/server.ts [Client Component SSR]
    ./lib/i18n/index.ts [Client Component SSR]
    ./components/ui/BottomNav.tsx [Client Component SSR]
    ./components/ui/BottomNav.tsx [Server Component]
    ./app/page.tsx [Server Component] @ http://localhost:3000/_next/static/chunks/node_modules_next_dist_1gdrd03._.js:1945
[    1019ms] [ERROR] ./lib/supabase/server.ts:2:1
You're importing a module that depends on "next/headers". This API is only available in Server Components in the App Router, but you are using it in the Pages Router.
    Learn more: https://nextjs.org/docs/app/building-your-application/rendering/server-components
  1 | import { createServerClient } from '@supabase/ssr'
> 2 | import { cookies } from 'next/headers'
    | ^^^^^^^^^^^^^^^^^^^^^^^^^^^^^^^^^^^^^^
  3 |
  4 | export async function createClient() {
  5 |   const cookieStore = await cookies()

Ecmascript file had an error

Import traces:
  #1 [Server Component]:
    ./lib/supabase/server.ts
    ./app/layout.tsx

  #2 [Server Component]:
    ./lib/supabase/server.ts
    ./app/lists/[id]/page.tsx

  #3 [Server Component]:
    ./lib/supabase/server.ts
    ./lib/actions/lists.ts

  #4 [Client Component Browser]:
    ./lib/supabase/server.ts [Client Component Browser]
    ./lib/i18n/server.ts [Client Component Browser]
    ./lib/i18n/index.ts [Client Component Browser]
    ./components/ui/BottomNav.tsx [Client Component Browser]
    ./components/ui/BottomNav.tsx [Server Component]
    ./app/lists/[id]/loading.tsx [Server Component]

  #5 [Client Component Browser]:
    ./lib/supabase/server.ts [Client Component Browser]
    ./lib/i18n/server.ts [Client Component Browser]
    ./lib/i18n/index.ts [Client Component Browser]
    ./components/ui/BottomNav.tsx [Client Component Browser]
    ./components/ui/BottomNav.tsx [Server Component]
    ./app/lists/loading.tsx [Server Component]

  #6 [Client Component SSR]:
    ./lib/supabase/server.ts [Client Component SSR]
    ./lib/i18n/server.ts [Client Component SSR]
    ./lib/i18n/index.ts [Client Component SSR]
    ./components/ui/BottomNav.tsx [Client Component SSR]
    ./components/ui/BottomNav.tsx [Server Component]
    ./app/lists/[id]/loading.tsx [Server Component]

  #7 [Client Component SSR]:
    ./lib/supabase/server.ts [Client Component SSR]
    ./lib/i18n/server.ts [Client Component SSR]
    ./lib/i18n/index.ts [Client Component SSR]
    ./components/ui/BottomNav.tsx [Client Component SSR]
    ./components/ui/BottomNav.tsx [Server Component]
    ./app/lists/loading.tsx [Server Component] @ http://localhost:3000/_next/static/chunks/node_modules_next_dist_1gdrd03._.js:1945
[    1020ms] [ERROR] ./lib/supabase/server.ts:2:1
You're importing a module that depends on "next/headers". This API is only available in Server Components in the App Router, but you are using it in the Pages Router.
    Learn more: https://nextjs.org/docs/app/building-your-application/rendering/server-components
  1 | import { createServerClient } from '@supabase/ssr'
> 2 | import { cookies } from 'next/headers'
    | ^^^^^^^^^^^^^^^^^^^^^^^^^^^^^^^^^^^^^^
  3 |
  4 | export async function createClient() {
  5 |   const cookieStore = await cookies()

Ecmascript file had an error

Import traces:
  #1 [Server Component]:
    ./lib/supabase/server.ts
    ./app/history/page.tsx

  #2 [Server Component]:
    ./lib/supabase/server.ts
    ./app/layout.tsx

  #3 [Server Component]:
    ./lib/supabase/server.ts
    ./lib/actions/profile.ts

  #4 [Client Component Browser]:
    ./lib/supabase/server.ts [Client Component Browser]
    ./lib/i18n/server.ts [Client Component Browser]
    ./lib/i18n/index.ts [Client Component Browser]
    ./components/ui/BottomNav.tsx [Client Component Browser]
    ./components/ui/BottomNav.tsx [Server Component]
    ./app/history/loading.tsx [Server Component]

  #5 [Client Component Browser]:
    ./lib/supabase/server.ts [Client Component Browser]
    ./lib/i18n/server.ts [Client Component Browser]
    ./lib/i18n/index.ts [Client Component Browser]
    ./components/ui/BottomNav.tsx [Client Component Browser]
    ./components/ui/BottomNav.tsx [Server Component]
    ./app/history/page.tsx [Server Component]

  #6 [Client Component SSR]:
    ./lib/supabase/server.ts [Client Component SSR]
    ./lib/i18n/server.ts [Client Component SSR]
    ./lib/i18n/index.ts [Client Component SSR]
    ./components/ui/BottomNav.tsx [Client Component SSR]
    ./components/ui/BottomNav.tsx [Server Component]
    ./app/history/loading.tsx [Server Component]

  #7 [Client Component SSR]:
    ./lib/supabase/server.ts [Client Component SSR]
    ./lib/i18n/server.ts [Client Component SSR]
    ./lib/i18n/index.ts [Client Component SSR]
    ./components/ui/BottomNav.tsx [Client Component SSR]
    ./components/ui/BottomNav.tsx [Server Component]
    ./app/history/page.tsx [Server Component] @ http://localhost:3000/_next/static/chunks/node_modules_next_dist_1gdrd03._.js:1945
[    1021ms] [ERROR] ./lib/supabase/server.ts:2:1
You're importing a module that depends on "next/headers". This API is only available in Server Components in the App Router, but you are using it in the Pages Router.
    Learn more: https://nextjs.org/docs/app/building-your-application/rendering/server-components
  1 | import { createServerClient } from '@supabase/ssr'
> 2 | import { cookies } from 'next/headers'
    | ^^^^^^^^^^^^^^^^^^^^^^^^^^^^^^^^^^^^^^
  3 |
  4 | export async function createClient() {
  5 |   const cookieStore = await cookies()

Ecmascript file had an error

Import traces:
  #1 [Server Component]:
    ./lib/supabase/server.ts
    ./app/layout.tsx

  #2 [Server Component]:
    ./lib/supabase/server.ts
    ./app/profile/page.tsx

  #3 [Server Component]:
    ./lib/supabase/server.ts
    ./lib/actions/sessions.ts

  #4 [Client Component Browser]:
    ./lib/supabase/server.ts [Client Component Browser]
    ./lib/i18n/server.ts [Client Component Browser]
    ./lib/i18n/index.ts [Client Component Browser]
    ./components/ui/BottomNav.tsx [Client Component Browser]
    ./components/ui/BottomNav.tsx [Server Component]
    ./app/profile/loading.tsx [Server Component]

  #5 [Client Component Browser]:
    ./lib/supabase/server.ts [Client Component Browser]
    ./lib/i18n/server.ts [Client Component Browser]
    ./lib/i18n/index.ts [Client Component Browser]
    ./components/ui/LocaleToggle.tsx [Client Component Browser]
    ./components/ui/LocaleToggle.tsx [Server Component]
    ./app/profile/page.tsx [Server Component]

  #6 [Client Component SSR]:
    ./lib/supabase/server.ts [Client Component SSR]
    ./lib/i18n/server.ts [Client Component SSR]
    ./lib/i18n/index.ts [Client Component SSR]
    ./components/ui/BottomNav.tsx [Client Component SSR]
    ./components/ui/BottomNav.tsx [Server Component]
    ./app/profile/loading.tsx [Server Component]

  #7 [Client Component SSR]:
    ./lib/supabase/server.ts [Client Component SSR]
    ./lib/i18n/server.ts [Client Component SSR]
    ./lib/i18n/index.ts [Client Component SSR]
    ./components/ui/LocaleToggle.tsx [Client Component SSR]
    ./components/ui/LocaleToggle.tsx [Server Component]
    ./app/profile/page.tsx [Server Component] @ http://localhost:3000/_next/static/chunks/node_modules_next_dist_1gdrd03._.js:1945
[    1024ms] [ERROR] ./lib/supabase/server.ts:2:1
You're importing a module that depends on "next/headers". This API is only available in Server Components in the App Router, but you are using it in the Pages Router.
    Learn more: https://nextjs.org/docs/app/building-your-application/rendering/server-components
  1 | import { createServerClient } from '@supabase/ssr'
> 2 | import { cookies } from 'next/headers'
    | ^^^^^^^^^^^^^^^^^^^^^^^^^^^^^^^^^^^^^^
  3 |
  4 | export async function createClient() {
  5 |   const cookieStore = await cookies()

Ecmascript file had an error

Import traces:
  #1 [Server Component]:
    ./lib/supabase/server.ts
    ./app/families/page.tsx

  #2 [Server Component]:
    ./lib/supabase/server.ts
    ./app/layout.tsx

  #3 [Server Component]:
    ./lib/supabase/server.ts
    ./lib/actions/families.ts

  #4 [Client Component Browser]:
    ./lib/supabase/server.ts [Client Component Browser]
    ./lib/i18n/server.ts [Client Component Browser]
    ./lib/i18n/index.ts [Client Component Browser]
    ./components/ui/BottomNav.tsx [Client Component Browser]
    ./components/ui/BottomNav.tsx [Server Component]
    ./app/families/loading.tsx [Server Component]

  #5 [Client Component Browser]:
    ./lib/supabase/server.ts [Client Component Browser]
    ./lib/i18n/server.ts [Client Component Browser]
    ./lib/i18n/index.ts [Client Component Browser]
    ./components/ui/BottomNav.tsx [Client Component Browser]
    ./components/ui/BottomNav.tsx [Server Component]
    ./app/families/page.tsx [Server Component]

  #6 [Client Component SSR]:
    ./lib/supabase/server.ts [Client Component SSR]
    ./lib/i18n/server.ts [Client Component SSR]
    ./lib/i18n/index.ts [Client Component SSR]
    ./components/ui/BottomNav.tsx [Client Component SSR]
    ./components/ui/BottomNav.tsx [Server Component]
    ./app/families/loading.tsx [Server Component]

  #7 [Client Component SSR]:
    ./lib/supabase/server.ts [Client Component SSR]
    ./lib/i18n/server.ts [Client Component SSR]
    ./lib/i18n/index.ts [Client Component SSR]
    ./components/ui/BottomNav.tsx [Client Component SSR]
    ./components/ui/BottomNav.tsx [Server Component]
    ./app/families/page.tsx [Server Component] @ http://localhost:3000/_next/static/chunks/node_modules_next_dist_1gdrd03._.js:1945
[    1024ms] [ERROR] ./lib/supabase/server.ts:2:1
You're importing a module that depends on "next/headers". This API is only available in Server Components in the App Router, but you are using it in the Pages Router.
    Learn more: https://nextjs.org/docs/app/building-your-application/rendering/server-components
  1 | import { createServerClient } from '@supabase/ssr'
> 2 | import { cookies } from 'next/headers'
    | ^^^^^^^^^^^^^^^^^^^^^^^^^^^^^^^^^^^^^^
  3 |
  4 | export async function createClient() {
  5 |   const cookieStore = await cookies()

Ecmascript file had an error

Import traces:
  #1 [Server Component]:
    ./lib/supabase/server.ts
    ./app/layout.tsx

  #2 [Server Component]:
    ./lib/supabase/server.ts
    ./app/session/[id]/page.tsx

  #3 [Server Component]:
    ./lib/supabase/server.ts
    ./lib/actions/profile.ts

  #4 [Client Component Browser]:
    ./lib/supabase/server.ts [Client Component Browser]
    ./lib/i18n/server.ts [Client Component Browser]
    ./lib/i18n/index.ts [Client Component Browser]
    ./app/session/[id]/CompleteSessionButton.tsx [Client Component Browser]
    ./app/session/[id]/CompleteSessionButton.tsx [Server Component]
    ./app/session/[id]/page.tsx [Server Component]

  #5 [Client Component SSR]:
    ./lib/supabase/server.ts [Client Component SSR]
    ./lib/i18n/server.ts [Client Component SSR]
    ./lib/i18n/index.ts [Client Component SSR]
    ./app/session/[id]/CompleteSessionButton.tsx [Client Component SSR]
    ./app/session/[id]/CompleteSessionButton.tsx [Server Component]
    ./app/session/[id]/page.tsx [Server Component] @ http://localhost:3000/_next/static/chunks/node_modules_next_dist_1gdrd03._.js:1945
[    1029ms] [ERROR] ./lib/supabase/server.ts:2:1
You're importing a module that depends on "next/headers". This API is only available in Server Components in the App Router, but you are using it in the Pages Router.
    Learn more: https://nextjs.org/docs/app/building-your-application/rendering/server-components
  1 | import { createServerClient } from '@supabase/ssr'
> 2 | import { cookies } from 'next/headers'
    | ^^^^^^^^^^^^^^^^^^^^^^^^^^^^^^^^^^^^^^
  3 |
  4 | export async function createClient() {
  5 |   const cookieStore = await cookies()

Ecmascript file had an error

Import traces:
  #1 [Server Component]:
    ./lib/supabase/server.ts
    ./app/invites/page.tsx

  #2 [Server Component]:
    ./lib/supabase/server.ts
    ./app/layout.tsx

  #3 [Server Component]:
    ./lib/supabase/server.ts
    ./lib/actions/profile.ts

  #4 [Client Component Browser]:
    ./lib/supabase/server.ts [Client Component Browser]
    ./lib/i18n/server.ts [Client Component Browser]
    ./lib/i18n/index.ts [Client Component Browser]
    ./components/ui/BottomNav.tsx [Client Component Browser]
    ./components/ui/BottomNav.tsx [Server Component]
    ./app/invites/loading.tsx [Server Component]

  #5 [Client Component Browser]:
    ./lib/supabase/server.ts [Client Component Browser]
    ./lib/i18n/server.ts [Client Component Browser]
    ./lib/i18n/index.ts [Client Component Browser]
    ./components/ui/BottomNav.tsx [Client Component Browser]
    ./components/ui/BottomNav.tsx [Server Component]
    ./app/invites/page.tsx [Server Component]

  #6 [Client Component SSR]:
    ./lib/supabase/server.ts [Client Component SSR]
    ./lib/i18n/server.ts [Client Component SSR]
    ./lib/i18n/index.ts [Client Component SSR]
    ./components/ui/BottomNav.tsx [Client Component SSR]
    ./components/ui/BottomNav.tsx [Server Component]
    ./app/invites/loading.tsx [Server Component]

  #7 [Client Component SSR]:
    ./lib/supabase/server.ts [Client Component SSR]
    ./lib/i18n/server.ts [Client Component SSR]
    ./lib/i18n/index.ts [Client Component SSR]
    ./components/ui/BottomNav.tsx [Client Component SSR]
    ./components/ui/BottomNav.tsx [Server Component]
    ./app/invites/page.tsx [Server Component] @ http://localhost:3000/_next/static/chunks/node_modules_next_dist_1gdrd03._.js:1945
[    1032ms] [ERROR] ./lib/supabase/server.ts:2:1
You're importing a module that depends on "next/headers". This API is only available in Server Components in the App Router, but you are using it in the Pages Router.
    Learn more: https://nextjs.org/docs/app/building-your-application/rendering/server-components
  1 | import { createServerClient } from '@supabase/ssr'
> 2 | import { cookies } from 'next/headers'
    | ^^^^^^^^^^^^^^^^^^^^^^^^^^^^^^^^^^^^^^
  3 |
  4 | export async function createClient() {
  5 |   const cookieStore = await cookies()

Ecmascript file had an error

Import traces:
  #1 [Server Component]:
    ./lib/supabase/server.ts
    ./app/families/[id]/page.tsx

  #2 [Server Component]:
    ./lib/supabase/server.ts
    ./app/layout.tsx

  #3 [Server Component]:
    ./lib/supabase/server.ts
    ./lib/actions/families.ts

  #4 [Client Component Browser]:
    ./lib/supabase/server.ts [Client Component Browser]
    ./lib/i18n/server.ts [Client Component Browser]
    ./lib/i18n/index.ts [Client Component Browser]
    ./components/ui/BottomNav.tsx [Client Component Browser]
    ./components/ui/BottomNav.tsx [Server Component]
    ./app/families/[id]/page.tsx [Server Component]

  #5 [Client Component Browser]:
    ./lib/supabase/server.ts [Client Component Browser]
    ./lib/i18n/server.ts [Client Component Browser]
    ./lib/i18n/index.ts [Client Component Browser]
    ./components/ui/BottomNav.tsx [Client Component Browser]
    ./components/ui/BottomNav.tsx [Server Component]
    ./app/families/loading.tsx [Server Component]

  #6 [Client Component SSR]:
    ./lib/supabase/server.ts [Client Component SSR]
    ./lib/i18n/server.ts [Client Component SSR]
    ./lib/i18n/index.ts [Client Component SSR]
    ./components/ui/BottomNav.tsx [Client Component SSR]
    ./components/ui/BottomNav.tsx [Server Component]
    ./app/families/[id]/page.tsx [Server Component]

  #7 [Client Component SSR]:
    ./lib/supabase/server.ts [Client Component SSR]
    ./lib/i18n/server.ts [Client Component SSR]
    ./lib/i18n/index.ts [Client Component SSR]
    ./components/ui/BottomNav.tsx [Client Component SSR]
    ./components/ui/BottomNav.tsx [Server Component]
    ./app/families/loading.tsx [Server Component] @ http://localhost:3000/_next/static/chunks/node_modules_next_dist_1gdrd03._.js:1945
[    1036ms] [ERROR] ./lib/supabase/server.ts:2:1
You're importing a module that depends on "next/headers". This API is only available in Server Components in the App Router, but you are using it in the Pages Router.
    Learn more: https://nextjs.org/docs/app/building-your-application/rendering/server-components
  1 | import { createServerClient } from '@supabase/ssr'
> 2 | import { cookies } from 'next/headers'
    | ^^^^^^^^^^^^^^^^^^^^^^^^^^^^^^^^^^^^^^
  3 |
  4 | export async function createClient() {
  5 |   const cookieStore = await cookies()

Ecmascript file had an error

Import traces:
  #1 [Server Component]:
    ./lib/supabase/server.ts
    ./app/layout.tsx

  #2 [Server Component]:
    ./lib/supabase/server.ts
    ./app/login/page.tsx

  #3 [Server Component]:
    ./lib/supabase/server.ts
    ./lib/actions/profile.ts

  #4 [Client Component Browser]:
    ./lib/supabase/server.ts [Client Component Browser]
    ./lib/i18n/server.ts [Client Component Browser]
    ./lib/i18n/index.ts [Client Component Browser]
    ./app/login/LoginForm.tsx [Client Component Browser]
    ./app/login/LoginForm.tsx [Server Component]
    ./app/login/page.tsx [Server Component]

  #5 [Client Component SSR]:
    ./lib/supabase/server.ts [Client Component SSR]
    ./lib/i18n/server.ts [Client Component SSR]
    ./lib/i18n/index.ts [Client Component SSR]
    ./app/login/LoginForm.tsx [Client Component SSR]
    ./app/login/LoginForm.tsx [Server Component]
    ./app/login/page.tsx [Server Component] @ http://localhost:3000/_next/static/chunks/node_modules_next_dist_1gdrd03._.js:1945
[    1171ms] [LOG] [Fast Refresh] rebuilding @ http://localhost:3000/_next/static/chunks/node_modules_next_dist_1gdrd03._.js:1226
[   88168ms] [LOG] [Fast Refresh] rebuilding @ http://localhost:3000/_next/static/chunks/node_modules_next_dist_1gdrd03._.js:1226
[  121412ms] [ERROR] ./app/login/page.tsx:3:1
Export getServerTranslations doesn't exist in target module
  1 | import { createClient } from '@/lib/supabase/server'
  2 | import { redirect } from 'next/navigation'
> 3 | import { getServerTranslations } from '@/lib/i18n'
    | ^^^^^^^^^^^^^^^^^^^^^^^^^^^^^^^^^^^^^^^^^^^^^^^^^^
  4 | import LoginForm from './LoginForm'
  5 |
  6 | export default async function LoginPage({

The export getServerTranslations was not found in module [project]/lib/i18n/index.ts [app-rsc] (ecmascript).
Did you mean to import translations?
All exports of the module are statically known (It doesn't have dynamic exports). So it's known statically that the requested export doesn't exist. @ http://localhost:3000/_next/static/chunks/node_modules_next_dist_1gdrd03._.js:1945
[  121413ms] [ERROR] ./app/page.tsx:4:1
Export getServerTranslations doesn't exist in target module
  2 | import { redirect } from "next/navigation";
  3 | import { getNavCounts } from "@/lib/nav-counts";
> 4 | import { getServerTranslations } from "@/lib/i18n";
    | ^^^^^^^^^^^^^^^^^^^^^^^^^^^^^^^^^^^^^^^^^^^^^^^^^^^
  5 | import BottomNav from "@/components/ui/BottomNav";
  6 | import EmptyState from "@/components/ui/EmptyState";
  7 | import ListCard from "@/components/ui/ListCard";

The export getServerTranslations was not found in module [project]/lib/i18n/index.ts [app-rsc] (ecmascript).
Did you mean to import translations?
All exports of the module are statically known (It doesn't have dynamic exports). So it's known statically that the requested export doesn't exist. @ http://localhost:3000/_next/static/chunks/node_modules_next_dist_1gdrd03._.js:1945
[  121413ms] [ERROR] ./app/lists/[id]/page.tsx:4:1
Export getServerTranslations doesn't exist in target module
  2 | import { notFound, redirect } from "next/navigation";
  3 | import { getNavCounts } from "@/lib/nav-counts";
> 4 | import { getServerTranslations } from "@/lib/i18n";
    | ^^^^^^^^^^^^^^^^^^^^^^^^^^^^^^^^^^^^^^^^^^^^^^^^^^^
  5 | import CategoryHeader from "@/components/ui/CategoryHeader";
  6 | import EmptyState from "@/components/ui/EmptyState";
  7 | import ListDetailActions from "./ListDetailActions";

The export getServerTranslations was not found in module [project]/lib/i18n/index.ts [app-rsc] (ecmascript).
Did you mean to import translations?
All exports of the module are statically known (It doesn't have dynamic exports). So it's known statically that the requested export doesn't exist. @ http://localhost:3000/_next/static/chunks/node_modules_next_dist_1gdrd03._.js:1945
[  121413ms] [ERROR] ./app/history/page.tsx:4:1
Export getServerTranslations doesn't exist in target module
  2 | import { redirect } from "next/navigation";
  3 | import { getNavCounts } from "@/lib/nav-counts";
> 4 | import { getServerTranslations } from "@/lib/i18n";
    | ^^^^^^^^^^^^^^^^^^^^^^^^^^^^^^^^^^^^^^^^^^^^^^^^^^^
  5 | import BottomNav from "@/components/ui/BottomNav";
  6 | import EmptyState from "@/components/ui/EmptyState";
  7 | import Link from "next/link";

The export getServerTranslations was not found in module [project]/lib/i18n/index.ts [app-rsc] (ecmascript).
Did you mean to import translations?
All exports of the module are statically known (It doesn't have dynamic exports). So it's known statically that the requested export doesn't exist. @ http://localhost:3000/_next/static/chunks/node_modules_next_dist_1gdrd03._.js:1945
[  121413ms] [ERROR] ./app/profile/page.tsx:4:1
Export getServerTranslations doesn't exist in target module
  2 | import { redirect } from "next/navigation";
  3 | import { getNavCounts } from "@/lib/nav-counts";
> 4 | import { getServerTranslations } from "@/lib/i18n";
    | ^^^^^^^^^^^^^^^^^^^^^^^^^^^^^^^^^^^^^^^^^^^^^^^^^^^
  5 | import BottomNav from "@/components/ui/BottomNav";
  6 | import Avatar from "@/components/ui/Avatar";
  7 | import ProfileEditForm from "./ProfileEditForm";

The export getServerTranslations was not found in module [project]/lib/i18n/index.ts [app-rsc] (ecmascript).
Did you mean to import translations?
All exports of the module are statically known (It doesn't have dynamic exports). So it's known statically that the requested export doesn't exist. @ http://localhost:3000/_next/static/chunks/node_modules_next_dist_1gdrd03._.js:1945
[  121413ms] [ERROR] ./app/families/page.tsx:4:1
Export getServerTranslations doesn't exist in target module
  2 | import { redirect } from "next/navigation";
  3 | import { getNavCounts } from "@/lib/nav-counts";
> 4 | import { getServerTranslations } from "@/lib/i18n";
    | ^^^^^^^^^^^^^^^^^^^^^^^^^^^^^^^^^^^^^^^^^^^^^^^^^^^
  5 | import BottomNav from "@/components/ui/BottomNav";
  6 | import EmptyState from "@/components/ui/EmptyState";
  7 | import FamiliesActions from "./FamiliesActions";

The export getServerTranslations was not found in module [project]/lib/i18n/index.ts [app-rsc] (ecmascript).
Did you mean to import translations?
All exports of the module are statically known (It doesn't have dynamic exports). So it's known statically that the requested export doesn't exist. @ http://localhost:3000/_next/static/chunks/node_modules_next_dist_1gdrd03._.js:1945
[  121413ms] [ERROR] ./app/session/[id]/page.tsx:4:1
Export getServerTranslations doesn't exist in target module
  2 | import { notFound, redirect } from "next/navigation";
  3 | import { getNavCounts } from "@/lib/nav-counts";
> 4 | import { getServerTranslations } from "@/lib/i18n";
    | ^^^^^^^^^^^^^^^^^^^^^^^^^^^^^^^^^^^^^^^^^^^^^^^^^^^
  5 | import CheckableItem from "@/components/session/CheckableItem";
  6 | import CategoryHeader from "@/components/ui/CategoryHeader";
  7 | import EmptyState from "@/components/ui/EmptyState";

The export getServerTranslations was not found in module [project]/lib/i18n/index.ts [app-rsc] (ecmascript).
Did you mean to import translations?
All exports of the module are statically known (It doesn't have dynamic exports). So it's known statically that the requested export doesn't exist. @ http://localhost:3000/_next/static/chunks/node_modules_next_dist_1gdrd03._.js:1945
[  121413ms] [ERROR] ./app/invites/page.tsx:4:1
Export getServerTranslations doesn't exist in target module
  2 | import { redirect } from "next/navigation";
  3 | import { getNavCounts } from "@/lib/nav-counts";
> 4 | import { getServerTranslations } from "@/lib/i18n";
    | ^^^^^^^^^^^^^^^^^^^^^^^^^^^^^^^^^^^^^^^^^^^^^^^^^^^
  5 | import AppBar from "@/components/ui/AppBar";
  6 | import BottomNav from "@/components/ui/BottomNav";
  7 | import EmptyState from "@/components/ui/EmptyState";

The export getServerTranslations was not found in module [project]/lib/i18n/index.ts [app-rsc] (ecmascript).
Did you mean to import translations?
All exports of the module are statically known (It doesn't have dynamic exports). So it's known statically that the requested export doesn't exist. @ http://localhost:3000/_next/static/chunks/node_modules_next_dist_1gdrd03._.js:1945
[  121459ms] [ERROR] ./app/login/page.tsx:3:1
Export getServerTranslations doesn't exist in target module
  1 | import { createClient } from '@/lib/supabase/server'
  2 | import { redirect } from 'next/navigation'
> 3 | import { getServerTranslations } from '@/lib/i18n'
    | ^^^^^^^^^^^^^^^^^^^^^^^^^^^^^^^^^^^^^^^^^^^^^^^^^^
  4 | import LoginForm from './LoginForm'
  5 |
  6 | export default async function LoginPage({

The export getServerTranslations was not found in module [project]/lib/i18n/index.ts [app-rsc] (ecmascript).
Did you mean to import translations?
All exports of the module are statically known (It doesn't have dynamic exports). So it's known statically that the requested export doesn't exist. @ http://localhost:3000/_next/static/chunks/node_modules_next_dist_1gdrd03._.js:1945
[  121459ms] [ERROR] ./app/page.tsx:4:1
Export getServerTranslations doesn't exist in target module
  2 | import { redirect } from "next/navigation";
  3 | import { getNavCounts } from "@/lib/nav-counts";
> 4 | import { getServerTranslations } from "@/lib/i18n";
    | ^^^^^^^^^^^^^^^^^^^^^^^^^^^^^^^^^^^^^^^^^^^^^^^^^^^
  5 | import BottomNav from "@/components/ui/BottomNav";
  6 | import EmptyState from "@/components/ui/EmptyState";
  7 | import ListCard from "@/components/ui/ListCard";

The export getServerTranslations was not found in module [project]/lib/i18n/index.ts [app-rsc] (ecmascript).
Did you mean to import translations?
All exports of the module are statically known (It doesn't have dynamic exports). So it's known statically that the requested export doesn't exist. @ http://localhost:3000/_next/static/chunks/node_modules_next_dist_1gdrd03._.js:1945
[  121459ms] [ERROR] ./app/lists/[id]/page.tsx:4:1
Export getServerTranslations doesn't exist in target module
  2 | import { notFound, redirect } from "next/navigation";
  3 | import { getNavCounts } from "@/lib/nav-counts";
> 4 | import { getServerTranslations } from "@/lib/i18n";
    | ^^^^^^^^^^^^^^^^^^^^^^^^^^^^^^^^^^^^^^^^^^^^^^^^^^^
  5 | import CategoryHeader from "@/components/ui/CategoryHeader";
  6 | import EmptyState from "@/components/ui/EmptyState";
  7 | import ListDetailActions from "./ListDetailActions";

The export getServerTranslations was not found in module [project]/lib/i18n/index.ts [app-rsc] (ecmascript).
Did you mean to import translations?
All exports of the module are statically known (It doesn't have dynamic exports). So it's known statically that the requested export doesn't exist. @ http://localhost:3000/_next/static/chunks/node_modules_next_dist_1gdrd03._.js:1945
[  121459ms] [ERROR] ./app/history/page.tsx:4:1
Export getServerTranslations doesn't exist in target module
  2 | import { redirect } from "next/navigation";
  3 | import { getNavCounts } from "@/lib/nav-counts";
> 4 | import { getServerTranslations } from "@/lib/i18n";
    | ^^^^^^^^^^^^^^^^^^^^^^^^^^^^^^^^^^^^^^^^^^^^^^^^^^^
  5 | import BottomNav from "@/components/ui/BottomNav";
  6 | import EmptyState from "@/components/ui/EmptyState";
  7 | import Link from "next/link";

The export getServerTranslations was not found in module [project]/lib/i18n/index.ts [app-rsc] (ecmascript).
Did you mean to import translations?
All exports of the module are statically known (It doesn't have dynamic exports). So it's known statically that the requested export doesn't exist. @ http://localhost:3000/_next/static/chunks/node_modules_next_dist_1gdrd03._.js:1945
[  121459ms] [ERROR] ./app/profile/page.tsx:4:1
Export getServerTranslations doesn't exist in target module
  2 | import { redirect } from "next/navigation";
  3 | import { getNavCounts } from "@/lib/nav-counts";
> 4 | import { getServerTranslations } from "@/lib/i18n";
    | ^^^^^^^^^^^^^^^^^^^^^^^^^^^^^^^^^^^^^^^^^^^^^^^^^^^
  5 | import BottomNav from "@/components/ui/BottomNav";
  6 | import Avatar from "@/components/ui/Avatar";
  7 | import ProfileEditForm from "./ProfileEditForm";

The export getServerTranslations was not found in module [project]/lib/i18n/index.ts [app-rsc] (ecmascript).
Did you mean to import translations?
All exports of the module are statically known (It doesn't have dynamic exports). So it's known statically that the requested export doesn't exist. @ http://localhost:3000/_next/static/chunks/node_modules_next_dist_1gdrd03._.js:1945
[  121459ms] [ERROR] ./app/families/page.tsx:4:1
Export getServerTranslations doesn't exist in target module
  2 | import { redirect } from "next/navigation";
  3 | import { getNavCounts } from "@/lib/nav-counts";
> 4 | import { getServerTranslations } from "@/lib/i18n";
    | ^^^^^^^^^^^^^^^^^^^^^^^^^^^^^^^^^^^^^^^^^^^^^^^^^^^
  5 | import BottomNav from "@/components/ui/BottomNav";
  6 | import EmptyState from "@/components/ui/EmptyState";
  7 | import FamiliesActions from "./FamiliesActions";

The export getServerTranslations was not found in module [project]/lib/i18n/index.ts [app-rsc] (ecmascript).
Did you mean to import translations?
All exports of the module are statically known (It doesn't have dynamic exports). So it's known statically that the requested export doesn't exist. @ http://localhost:3000/_next/static/chunks/node_modules_next_dist_1gdrd03._.js:1945
[  121459ms] [ERROR] ./app/session/[id]/page.tsx:4:1
Export getServerTranslations doesn't exist in target module
  2 | import { notFound, redirect } from "next/navigation";
  3 | import { getNavCounts } from "@/lib/nav-counts";
> 4 | import { getServerTranslations } from "@/lib/i18n";
    | ^^^^^^^^^^^^^^^^^^^^^^^^^^^^^^^^^^^^^^^^^^^^^^^^^^^
  5 | import CheckableItem from "@/components/session/CheckableItem";
  6 | import CategoryHeader from "@/components/ui/CategoryHeader";
  7 | import EmptyState from "@/components/ui/EmptyState";

The export getServerTranslations was not found in module [project]/lib/i18n/index.ts [app-rsc] (ecmascript).
Did you mean to import translations?
All exports of the module are statically known (It doesn't have dynamic exports). So it's known statically that the requested export doesn't exist. @ http://localhost:3000/_next/static/chunks/node_modules_next_dist_1gdrd03._.js:1945
[  121459ms] [ERROR] ./app/invites/page.tsx:4:1
Export getServerTranslations doesn't exist in target module
  2 | import { redirect } from "next/navigation";
  3 | import { getNavCounts } from "@/lib/nav-counts";
> 4 | import { getServerTranslations } from "@/lib/i18n";
    | ^^^^^^^^^^^^^^^^^^^^^^^^^^^^^^^^^^^^^^^^^^^^^^^^^^^
  5 | import AppBar from "@/components/ui/AppBar";
  6 | import BottomNav from "@/components/ui/BottomNav";
  7 | import EmptyState from "@/components/ui/EmptyState";

The export getServerTranslations was not found in module [project]/lib/i18n/index.ts [app-rsc] (ecmascript).
Did you mean to import translations?
All exports of the module are statically known (It doesn't have dynamic exports). So it's known statically that the requested export doesn't exist. @ http://localhost:3000/_next/static/chunks/node_modules_next_dist_1gdrd03._.js:1945
[  121466ms] [ERROR] ./app/login/page.tsx:3:1
Export getServerTranslations doesn't exist in target module
  1 | import { createClient } from '@/lib/supabase/server'
  2 | import { redirect } from 'next/navigation'
> 3 | import { getServerTranslations } from '@/lib/i18n'
    | ^^^^^^^^^^^^^^^^^^^^^^^^^^^^^^^^^^^^^^^^^^^^^^^^^^
  4 | import LoginForm from './LoginForm'
  5 |
  6 | export default async function LoginPage({

The export getServerTranslations was not found in module [project]/lib/i18n/index.ts [app-rsc] (ecmascript).
Did you mean to import translations?
All exports of the module are statically known (It doesn't have dynamic exports). So it's known statically that the requested export doesn't exist. @ http://localhost:3000/_next/static/chunks/node_modules_next_dist_1gdrd03._.js:1945
[  121466ms] [ERROR] ./app/page.tsx:4:1
Export getServerTranslations doesn't exist in target module
  2 | import { redirect } from "next/navigation";
  3 | import { getNavCounts } from "@/lib/nav-counts";
> 4 | import { getServerTranslations } from "@/lib/i18n";
    | ^^^^^^^^^^^^^^^^^^^^^^^^^^^^^^^^^^^^^^^^^^^^^^^^^^^
  5 | import BottomNav from "@/components/ui/BottomNav";
  6 | import EmptyState from "@/components/ui/EmptyState";
  7 | import ListCard from "@/components/ui/ListCard";

The export getServerTranslations was not found in module [project]/lib/i18n/index.ts [app-rsc] (ecmascript).
Did you mean to import translations?
All exports of the module are statically known (It doesn't have dynamic exports). So it's known statically that the requested export doesn't exist. @ http://localhost:3000/_next/static/chunks/node_modules_next_dist_1gdrd03._.js:1945
[  121467ms] [ERROR] ./app/lists/[id]/page.tsx:4:1
Export getServerTranslations doesn't exist in target module
  2 | import { notFound, redirect } from "next/navigation";
  3 | import { getNavCounts } from "@/lib/nav-counts";
> 4 | import { getServerTranslations } from "@/lib/i18n";
    | ^^^^^^^^^^^^^^^^^^^^^^^^^^^^^^^^^^^^^^^^^^^^^^^^^^^
  5 | import CategoryHeader from "@/components/ui/CategoryHeader";
  6 | import EmptyState from "@/components/ui/EmptyState";
  7 | import ListDetailActions from "./ListDetailActions";

The export getServerTranslations was not found in module [project]/lib/i18n/index.ts [app-rsc] (ecmascript).
Did you mean to import translations?
All exports of the module are statically known (It doesn't have dynamic exports). So it's known statically that the requested export doesn't exist. @ http://localhost:3000/_next/static/chunks/node_modules_next_dist_1gdrd03._.js:1945
[  121467ms] [ERROR] ./app/history/page.tsx:4:1
Export getServerTranslations doesn't exist in target module
  2 | import { redirect } from "next/navigation";
  3 | import { getNavCounts } from "@/lib/nav-counts";
> 4 | import { getServerTranslations } from "@/lib/i18n";
    | ^^^^^^^^^^^^^^^^^^^^^^^^^^^^^^^^^^^^^^^^^^^^^^^^^^^
  5 | import BottomNav from "@/components/ui/BottomNav";
  6 | import EmptyState from "@/components/ui/EmptyState";
  7 | import Link from "next/link";

The export getServerTranslations was not found in module [project]/lib/i18n/index.ts [app-rsc] (ecmascript).
Did you mean to import translations?
All exports of the module are statically known (It doesn't have dynamic exports). So it's known statically that the requested export doesn't exist. @ http://localhost:3000/_next/static/chunks/node_modules_next_dist_1gdrd03._.js:1945
[  121467ms] [ERROR] ./app/profile/page.tsx:4:1
Export getServerTranslations doesn't exist in target module
  2 | import { redirect } from "next/navigation";
  3 | import { getNavCounts } from "@/lib/nav-counts";
> 4 | import { getServerTranslations } from "@/lib/i18n";
    | ^^^^^^^^^^^^^^^^^^^^^^^^^^^^^^^^^^^^^^^^^^^^^^^^^^^
  5 | import BottomNav from "@/components/ui/BottomNav";
  6 | import Avatar from "@/components/ui/Avatar";
  7 | import ProfileEditForm from "./ProfileEditForm";

The export getServerTranslations was not found in module [project]/lib/i18n/index.ts [app-rsc] (ecmascript).
Did you mean to import translations?
All exports of the module are statically known (It doesn't have dynamic exports). So it's known statically that the requested export doesn't exist. @ http://localhost:3000/_next/static/chunks/node_modules_next_dist_1gdrd03._.js:1945
[  121467ms] [ERROR] ./app/families/page.tsx:4:1
Export getServerTranslations doesn't exist in target module
  2 | import { redirect } from "next/navigation";
  3 | import { getNavCounts } from "@/lib/nav-counts";
> 4 | import { getServerTranslations } from "@/lib/i18n";
    | ^^^^^^^^^^^^^^^^^^^^^^^^^^^^^^^^^^^^^^^^^^^^^^^^^^^
  5 | import BottomNav from "@/components/ui/BottomNav";
  6 | import EmptyState from "@/components/ui/EmptyState";
  7 | import FamiliesActions from "./FamiliesActions";

The export getServerTranslations was not found in module [project]/lib/i18n/index.ts [app-rsc] (ecmascript).
Did you mean to import translations?
All exports of the module are statically known (It doesn't have dynamic exports). So it's known statically that the requested export doesn't exist. @ http://localhost:3000/_next/static/chunks/node_modules_next_dist_1gdrd03._.js:1945
[  121467ms] [ERROR] ./app/session/[id]/page.tsx:4:1
Export getServerTranslations doesn't exist in target module
  2 | import { notFound, redirect } from "next/navigation";
  3 | import { getNavCounts } from "@/lib/nav-counts";
> 4 | import { getServerTranslations } from "@/lib/i18n";
    | ^^^^^^^^^^^^^^^^^^^^^^^^^^^^^^^^^^^^^^^^^^^^^^^^^^^
  5 | import CheckableItem from "@/components/session/CheckableItem";
  6 | import CategoryHeader from "@/components/ui/CategoryHeader";
  7 | import EmptyState from "@/components/ui/EmptyState";

The export getServerTranslations was not found in module [project]/lib/i18n/index.ts [app-rsc] (ecmascript).
Did you mean to import translations?
All exports of the module are statically known (It doesn't have dynamic exports). So it's known statically that the requested export doesn't exist. @ http://localhost:3000/_next/static/chunks/node_modules_next_dist_1gdrd03._.js:1945
[  121467ms] [ERROR] ./app/invites/page.tsx:4:1
Export getServerTranslations doesn't exist in target module
  2 | import { redirect } from "next/navigation";
  3 | import { getNavCounts } from "@/lib/nav-counts";
> 4 | import { getServerTranslations } from "@/lib/i18n";
    | ^^^^^^^^^^^^^^^^^^^^^^^^^^^^^^^^^^^^^^^^^^^^^^^^^^^
  5 | import AppBar from "@/components/ui/AppBar";
  6 | import BottomNav from "@/components/ui/BottomNav";
  7 | import EmptyState from "@/components/ui/EmptyState";

The export getServerTranslations was not found in module [project]/lib/i18n/index.ts [app-rsc] (ecmascript).
Did you mean to import translations?
All exports of the module are statically known (It doesn't have dynamic exports). So it's known statically that the requested export doesn't exist. @ http://localhost:3000/_next/static/chunks/node_modules_next_dist_1gdrd03._.js:1945
[  121488ms] [ERROR] ./app/login/page.tsx:3:1
Export getServerTranslations doesn't exist in target module
  1 | import { createClient } from '@/lib/supabase/server'
  2 | import { redirect } from 'next/navigation'
> 3 | import { getServerTranslations } from '@/lib/i18n'
    | ^^^^^^^^^^^^^^^^^^^^^^^^^^^^^^^^^^^^^^^^^^^^^^^^^^
  4 | import LoginForm from './LoginForm'
  5 |
  6 | export default async function LoginPage({

The export getServerTranslations was not found in module [project]/lib/i18n/index.ts [app-rsc] (ecmascript).
Did you mean to import translations?
All exports of the module are statically known (It doesn't have dynamic exports). So it's known statically that the requested export doesn't exist. @ http://localhost:3000/_next/static/chunks/node_modules_next_dist_1gdrd03._.js:1945
[  121488ms] [ERROR] ./app/page.tsx:4:1
Export getServerTranslations doesn't exist in target module
  2 | import { redirect } from "next/navigation";
  3 | import { getNavCounts } from "@/lib/nav-counts";
> 4 | import { getServerTranslations } from "@/lib/i18n";
    | ^^^^^^^^^^^^^^^^^^^^^^^^^^^^^^^^^^^^^^^^^^^^^^^^^^^
  5 | import BottomNav from "@/components/ui/BottomNav";
  6 | import EmptyState from "@/components/ui/EmptyState";
  7 | import ListCard from "@/components/ui/ListCard";

The export getServerTranslations was not found in module [project]/lib/i18n/index.ts [app-rsc] (ecmascript).
Did you mean to import translations?
All exports of the module are statically known (It doesn't have dynamic exports). So it's known statically that the requested export doesn't exist. @ http://localhost:3000/_next/static/chunks/node_modules_next_dist_1gdrd03._.js:1945
[  121489ms] [ERROR] ./app/lists/[id]/page.tsx:4:1
Export getServerTranslations doesn't exist in target module
  2 | import { notFound, redirect } from "next/navigation";
  3 | import { getNavCounts } from "@/lib/nav-counts";
> 4 | import { getServerTranslations } from "@/lib/i18n";
    | ^^^^^^^^^^^^^^^^^^^^^^^^^^^^^^^^^^^^^^^^^^^^^^^^^^^
  5 | import CategoryHeader from "@/components/ui/CategoryHeader";
  6 | import EmptyState from "@/components/ui/EmptyState";
  7 | import ListDetailActions from "./ListDetailActions";

The export getServerTranslations was not found in module [project]/lib/i18n/index.ts [app-rsc] (ecmascript).
Did you mean to import translations?
All exports of the module are statically known (It doesn't have dynamic exports). So it's known statically that the requested export doesn't exist. @ http://localhost:3000/_next/static/chunks/node_modules_next_dist_1gdrd03._.js:1945
[  121489ms] [ERROR] ./app/history/page.tsx:4:1
Export getServerTranslations doesn't exist in target module
  2 | import { redirect } from "next/navigation";
  3 | import { getNavCounts } from "@/lib/nav-counts";
> 4 | import { getServerTranslations } from "@/lib/i18n";
    | ^^^^^^^^^^^^^^^^^^^^^^^^^^^^^^^^^^^^^^^^^^^^^^^^^^^
  5 | import BottomNav from "@/components/ui/BottomNav";
  6 | import EmptyState from "@/components/ui/EmptyState";
  7 | import Link from "next/link";

The export getServerTranslations was not found in module [project]/lib/i18n/index.ts [app-rsc] (ecmascript).
Did you mean to import translations?
All exports of the module are statically known (It doesn't have dynamic exports). So it's known statically that the requested export doesn't exist. @ http://localhost:3000/_next/static/chunks/node_modules_next_dist_1gdrd03._.js:1945
[  121489ms] [ERROR] ./app/profile/page.tsx:4:1
Export getServerTranslations doesn't exist in target module
  2 | import { redirect } from "next/navigation";
  3 | import { getNavCounts } from "@/lib/nav-counts";
> 4 | import { getServerTranslations } from "@/lib/i18n";
    | ^^^^^^^^^^^^^^^^^^^^^^^^^^^^^^^^^^^^^^^^^^^^^^^^^^^
  5 | import BottomNav from "@/components/ui/BottomNav";
  6 | import Avatar from "@/components/ui/Avatar";
  7 | import ProfileEditForm from "./ProfileEditForm";

The export getServerTranslations was not found in module [project]/lib/i18n/index.ts [app-rsc] (ecmascript).
Did you mean to import translations?
All exports of the module are statically known (It doesn't have dynamic exports). So it's known statically that the requested export doesn't exist. @ http://localhost:3000/_next/static/chunks/node_modules_next_dist_1gdrd03._.js:1945
[  121489ms] [ERROR] ./app/families/page.tsx:4:1
Export getServerTranslations doesn't exist in target module
  2 | import { redirect } from "next/navigation";
  3 | import { getNavCounts } from "@/lib/nav-counts";
> 4 | import { getServerTranslations } from "@/lib/i18n";
    | ^^^^^^^^^^^^^^^^^^^^^^^^^^^^^^^^^^^^^^^^^^^^^^^^^^^
  5 | import BottomNav from "@/components/ui/BottomNav";
  6 | import EmptyState from "@/components/ui/EmptyState";
  7 | import FamiliesActions from "./FamiliesActions";

The export getServerTranslations was not found in module [project]/lib/i18n/index.ts [app-rsc] (ecmascript).
Did you mean to import translations?
All exports of the module are statically known (It doesn't have dynamic exports). So it's known statically that the requested export doesn't exist. @ http://localhost:3000/_next/static/chunks/node_modules_next_dist_1gdrd03._.js:1945
[  121489ms] [ERROR] ./app/session/[id]/page.tsx:4:1
Export getServerTranslations doesn't exist in target module
  2 | import { notFound, redirect } from "next/navigation";
  3 | import { getNavCounts } from "@/lib/nav-counts";
> 4 | import { getServerTranslations } from "@/lib/i18n";
    | ^^^^^^^^^^^^^^^^^^^^^^^^^^^^^^^^^^^^^^^^^^^^^^^^^^^
  5 | import CheckableItem from "@/components/session/CheckableItem";
  6 | import CategoryHeader from "@/components/ui/CategoryHeader";
  7 | import EmptyState from "@/components/ui/EmptyState";

The export getServerTranslations was not found in module [project]/lib/i18n/index.ts [app-rsc] (ecmascript).
Did you mean to import translations?
All exports of the module are statically known (It doesn't have dynamic exports). So it's known statically that the requested export doesn't exist. @ http://localhost:3000/_next/static/chunks/node_modules_next_dist_1gdrd03._.js:1945
[  121489ms] [ERROR] ./app/invites/page.tsx:4:1
Export getServerTranslations doesn't exist in target module
  2 | import { redirect } from "next/navigation";
  3 | import { getNavCounts } from "@/lib/nav-counts";
> 4 | import { getServerTranslations } from "@/lib/i18n";
    | ^^^^^^^^^^^^^^^^^^^^^^^^^^^^^^^^^^^^^^^^^^^^^^^^^^^
  5 | import AppBar from "@/components/ui/AppBar";
  6 | import BottomNav from "@/components/ui/BottomNav";
  7 | import EmptyState from "@/components/ui/EmptyState";

The export getServerTranslations was not found in module [project]/lib/i18n/index.ts [app-rsc] (ecmascript).
Did you mean to import translations?
All exports of the module are statically known (It doesn't have dynamic exports). So it's known statically that the requested export doesn't exist. @ http://localhost:3000/_next/static/chunks/node_modules_next_dist_1gdrd03._.js:1945
[  121508ms] [ERROR] ./app/login/page.tsx:3:1
Export getServerTranslations doesn't exist in target module
  1 | import { createClient } from '@/lib/supabase/server'
  2 | import { redirect } from 'next/navigation'
> 3 | import { getServerTranslations } from '@/lib/i18n'
    | ^^^^^^^^^^^^^^^^^^^^^^^^^^^^^^^^^^^^^^^^^^^^^^^^^^
  4 | import LoginForm from './LoginForm'
  5 |
  6 | export default async function LoginPage({

The export getServerTranslations was not found in module [project]/lib/i18n/index.ts [app-rsc] (ecmascript).
Did you mean to import translations?
All exports of the module are statically known (It doesn't have dynamic exports). So it's known statically that the requested export doesn't exist. @ http://localhost:3000/_next/static/chunks/node_modules_next_dist_1gdrd03._.js:1945
[  121508ms] [ERROR] ./app/page.tsx:4:1
Export getServerTranslations doesn't exist in target module
  2 | import { redirect } from "next/navigation";
  3 | import { getNavCounts } from "@/lib/nav-counts";
> 4 | import { getServerTranslations } from "@/lib/i18n";
    | ^^^^^^^^^^^^^^^^^^^^^^^^^^^^^^^^^^^^^^^^^^^^^^^^^^^
  5 | import BottomNav from "@/components/ui/BottomNav";
  6 | import EmptyState from "@/components/ui/EmptyState";
  7 | import ListCard from "@/components/ui/ListCard";

The export getServerTranslations was not found in module [project]/lib/i18n/index.ts [app-rsc] (ecmascript).
Did you mean to import translations?
All exports of the module are statically known (It doesn't have dynamic exports). So it's known statically that the requested export doesn't exist. @ http://localhost:3000/_next/static/chunks/node_modules_next_dist_1gdrd03._.js:1945
[  121509ms] [ERROR] ./app/lists/[id]/page.tsx:4:1
Export getServerTranslations doesn't exist in target module
  2 | import { notFound, redirect } from "next/navigation";
  3 | import { getNavCounts } from "@/lib/nav-counts";
> 4 | import { getServerTranslations } from "@/lib/i18n";
    | ^^^^^^^^^^^^^^^^^^^^^^^^^^^^^^^^^^^^^^^^^^^^^^^^^^^
  5 | import CategoryHeader from "@/components/ui/CategoryHeader";
  6 | import EmptyState from "@/components/ui/EmptyState";
  7 | import ListDetailActions from "./ListDetailActions";

The export getServerTranslations was not found in module [project]/lib/i18n/index.ts [app-rsc] (ecmascript).
Did you mean to import translations?
All exports of the module are statically known (It doesn't have dynamic exports). So it's known statically that the requested export doesn't exist. @ http://localhost:3000/_next/static/chunks/node_modules_next_dist_1gdrd03._.js:1945
[  121509ms] [ERROR] ./app/history/page.tsx:4:1
Export getServerTranslations doesn't exist in target module
  2 | import { redirect } from "next/navigation";
  3 | import { getNavCounts } from "@/lib/nav-counts";
> 4 | import { getServerTranslations } from "@/lib/i18n";
    | ^^^^^^^^^^^^^^^^^^^^^^^^^^^^^^^^^^^^^^^^^^^^^^^^^^^
  5 | import BottomNav from "@/components/ui/BottomNav";
  6 | import EmptyState from "@/components/ui/EmptyState";
  7 | import Link from "next/link";

The export getServerTranslations was not found in module [project]/lib/i18n/index.ts [app-rsc] (ecmascript).
Did you mean to import translations?
All exports of the module are statically known (It doesn't have dynamic exports). So it's known statically that the requested export doesn't exist. @ http://localhost:3000/_next/static/chunks/node_modules_next_dist_1gdrd03._.js:1945
[  121509ms] [ERROR] ./app/profile/page.tsx:4:1
Export getServerTranslations doesn't exist in target module
  2 | import { redirect } from "next/navigation";
  3 | import { getNavCounts } from "@/lib/nav-counts";
> 4 | import { getServerTranslations } from "@/lib/i18n";
    | ^^^^^^^^^^^^^^^^^^^^^^^^^^^^^^^^^^^^^^^^^^^^^^^^^^^
  5 | import BottomNav from "@/components/ui/BottomNav";
  6 | import Avatar from "@/components/ui/Avatar";
  7 | import ProfileEditForm from "./ProfileEditForm";

The export getServerTranslations was not found in module [project]/lib/i18n/index.ts [app-rsc] (ecmascript).
Did you mean to import translations?
All exports of the module are statically known (It doesn't have dynamic exports). So it's known statically that the requested export doesn't exist. @ http://localhost:3000/_next/static/chunks/node_modules_next_dist_1gdrd03._.js:1945
[  121509ms] [ERROR] ./app/families/page.tsx:4:1
Export getServerTranslations doesn't exist in target module
  2 | import { redirect } from "next/navigation";
  3 | import { getNavCounts } from "@/lib/nav-counts";
> 4 | import { getServerTranslations } from "@/lib/i18n";
    | ^^^^^^^^^^^^^^^^^^^^^^^^^^^^^^^^^^^^^^^^^^^^^^^^^^^
  5 | import BottomNav from "@/components/ui/BottomNav";
  6 | import EmptyState from "@/components/ui/EmptyState";
  7 | import FamiliesActions from "./FamiliesActions";

The export getServerTranslations was not found in module [project]/lib/i18n/index.ts [app-rsc] (ecmascript).
Did you mean to import translations?
All exports of the module are statically known (It doesn't have dynamic exports). So it's known statically that the requested export doesn't exist. @ http://localhost:3000/_next/static/chunks/node_modules_next_dist_1gdrd03._.js:1945
[  121509ms] [ERROR] ./app/session/[id]/page.tsx:4:1
Export getServerTranslations doesn't exist in target module
  2 | import { notFound, redirect } from "next/navigation";
  3 | import { getNavCounts } from "@/lib/nav-counts";
> 4 | import { getServerTranslations } from "@/lib/i18n";
    | ^^^^^^^^^^^^^^^^^^^^^^^^^^^^^^^^^^^^^^^^^^^^^^^^^^^
  5 | import CheckableItem from "@/components/session/CheckableItem";
  6 | import CategoryHeader from "@/components/ui/CategoryHeader";
  7 | import EmptyState from "@/components/ui/EmptyState";

The export getServerTranslations was not found in module [project]/lib/i18n/index.ts [app-rsc] (ecmascript).
Did you mean to import translations?
All exports of the module are statically known (It doesn't have dynamic exports). So it's known statically that the requested export doesn't exist. @ http://localhost:3000/_next/static/chunks/node_modules_next_dist_1gdrd03._.js:1945
[  121509ms] [ERROR] ./app/invites/page.tsx:4:1
Export getServerTranslations doesn't exist in target module
  2 | import { redirect } from "next/navigation";
  3 | import { getNavCounts } from "@/lib/nav-counts";
> 4 | import { getServerTranslations } from "@/lib/i18n";
    | ^^^^^^^^^^^^^^^^^^^^^^^^^^^^^^^^^^^^^^^^^^^^^^^^^^^
  5 | import AppBar from "@/components/ui/AppBar";
  6 | import BottomNav from "@/components/ui/BottomNav";
  7 | import EmptyState from "@/components/ui/EmptyState";

The export getServerTranslations was not found in module [project]/lib/i18n/index.ts [app-rsc] (ecmascript).
Did you mean to import translations?
All exports of the module are statically known (It doesn't have dynamic exports). So it's known statically that the requested export doesn't exist. @ http://localhost:3000/_next/static/chunks/node_modules_next_dist_1gdrd03._.js:1945
[  121524ms] [ERROR] ./app/login/page.tsx:3:1
Export getServerTranslations doesn't exist in target module
  1 | import { createClient } from '@/lib/supabase/server'
  2 | import { redirect } from 'next/navigation'
> 3 | import { getServerTranslations } from '@/lib/i18n'
    | ^^^^^^^^^^^^^^^^^^^^^^^^^^^^^^^^^^^^^^^^^^^^^^^^^^
  4 | import LoginForm from './LoginForm'
  5 |
  6 | export default async function LoginPage({

The export getServerTranslations was not found in module [project]/lib/i18n/index.ts [app-rsc] (ecmascript).
Did you mean to import translations?
All exports of the module are statically known (It doesn't have dynamic exports). So it's known statically that the requested export doesn't exist. @ http://localhost:3000/_next/static/chunks/node_modules_next_dist_1gdrd03._.js:1945
[  121524ms] [ERROR] ./app/page.tsx:4:1
Export getServerTranslations doesn't exist in target module
  2 | import { redirect } from "next/navigation";
  3 | import { getNavCounts } from "@/lib/nav-counts";
> 4 | import { getServerTranslations } from "@/lib/i18n";
    | ^^^^^^^^^^^^^^^^^^^^^^^^^^^^^^^^^^^^^^^^^^^^^^^^^^^
  5 | import BottomNav from "@/components/ui/BottomNav";
  6 | import EmptyState from "@/components/ui/EmptyState";
  7 | import ListCard from "@/components/ui/ListCard";

The export getServerTranslations was not found in module [project]/lib/i18n/index.ts [app-rsc] (ecmascript).
Did you mean to import translations?
All exports of the module are statically known (It doesn't have dynamic exports). So it's known statically that the requested export doesn't exist. @ http://localhost:3000/_next/static/chunks/node_modules_next_dist_1gdrd03._.js:1945
[  121524ms] [ERROR] ./app/lists/[id]/page.tsx:4:1
Export getServerTranslations doesn't exist in target module
  2 | import { notFound, redirect } from "next/navigation";
  3 | import { getNavCounts } from "@/lib/nav-counts";
> 4 | import { getServerTranslations } from "@/lib/i18n";
    | ^^^^^^^^^^^^^^^^^^^^^^^^^^^^^^^^^^^^^^^^^^^^^^^^^^^
  5 | import CategoryHeader from "@/components/ui/CategoryHeader";
  6 | import EmptyState from "@/components/ui/EmptyState";
  7 | import ListDetailActions from "./ListDetailActions";

The export getServerTranslations was not found in module [project]/lib/i18n/index.ts [app-rsc] (ecmascript).
Did you mean to import translations?
All exports of the module are statically known (It doesn't have dynamic exports). So it's known statically that the requested export doesn't exist. @ http://localhost:3000/_next/static/chunks/node_modules_next_dist_1gdrd03._.js:1945
[  121524ms] [ERROR] ./app/history/page.tsx:4:1
Export getServerTranslations doesn't exist in target module
  2 | import { redirect } from "next/navigation";
  3 | import { getNavCounts } from "@/lib/nav-counts";
> 4 | import { getServerTranslations } from "@/lib/i18n";
    | ^^^^^^^^^^^^^^^^^^^^^^^^^^^^^^^^^^^^^^^^^^^^^^^^^^^
  5 | import BottomNav from "@/components/ui/BottomNav";
  6 | import EmptyState from "@/components/ui/EmptyState";
  7 | import Link from "next/link";

The export getServerTranslations was not found in module [project]/lib/i18n/index.ts [app-rsc] (ecmascript).
Did you mean to import translations?
All exports of the module are statically known (It doesn't have dynamic exports). So it's known statically that the requested export doesn't exist. @ http://localhost:3000/_next/static/chunks/node_modules_next_dist_1gdrd03._.js:1945
[  121524ms] [ERROR] ./app/profile/page.tsx:4:1
Export getServerTranslations doesn't exist in target module
  2 | import { redirect } from "next/navigation";
  3 | import { getNavCounts } from "@/lib/nav-counts";
> 4 | import { getServerTranslations } from "@/lib/i18n";
    | ^^^^^^^^^^^^^^^^^^^^^^^^^^^^^^^^^^^^^^^^^^^^^^^^^^^
  5 | import BottomNav from "@/components/ui/BottomNav";
  6 | import Avatar from "@/components/ui/Avatar";
  7 | import ProfileEditForm from "./ProfileEditForm";

The export getServerTranslations was not found in module [project]/lib/i18n/index.ts [app-rsc] (ecmascript).
Did you mean to import translations?
All exports of the module are statically known (It doesn't have dynamic exports). So it's known statically that the requested export doesn't exist. @ http://localhost:3000/_next/static/chunks/node_modules_next_dist_1gdrd03._.js:1945
[  121525ms] [ERROR] ./app/families/page.tsx:4:1
Export getServerTranslations doesn't exist in target module
  2 | import { redirect } from "next/navigation";
  3 | import { getNavCounts } from "@/lib/nav-counts";
> 4 | import { getServerTranslations } from "@/lib/i18n";
    | ^^^^^^^^^^^^^^^^^^^^^^^^^^^^^^^^^^^^^^^^^^^^^^^^^^^
  5 | import BottomNav from "@/components/ui/BottomNav";
  6 | import EmptyState from "@/components/ui/EmptyState";
  7 | import FamiliesActions from "./FamiliesActions";

The export getServerTranslations was not found in module [project]/lib/i18n/index.ts [app-rsc] (ecmascript).
Did you mean to import translations?
All exports of the module are statically known (It doesn't have dynamic exports). So it's known statically that the requested export doesn't exist. @ http://localhost:3000/_next/static/chunks/node_modules_next_dist_1gdrd03._.js:1945
[  121525ms] [ERROR] ./app/session/[id]/page.tsx:4:1
Export getServerTranslations doesn't exist in target module
  2 | import { notFound, redirect } from "next/navigation";
  3 | import { getNavCounts } from "@/lib/nav-counts";
> 4 | import { getServerTranslations } from "@/lib/i18n";
    | ^^^^^^^^^^^^^^^^^^^^^^^^^^^^^^^^^^^^^^^^^^^^^^^^^^^
  5 | import CheckableItem from "@/components/session/CheckableItem";
  6 | import CategoryHeader from "@/components/ui/CategoryHeader";
  7 | import EmptyState from "@/components/ui/EmptyState";

The export getServerTranslations was not found in module [project]/lib/i18n/index.ts [app-rsc] (ecmascript).
Did you mean to import translations?
All exports of the module are statically known (It doesn't have dynamic exports). So it's known statically that the requested export doesn't exist. @ http://localhost:3000/_next/static/chunks/node_modules_next_dist_1gdrd03._.js:1945
[  121525ms] [ERROR] ./app/invites/page.tsx:4:1
Export getServerTranslations doesn't exist in target module
  2 | import { redirect } from "next/navigation";
  3 | import { getNavCounts } from "@/lib/nav-counts";
> 4 | import { getServerTranslations } from "@/lib/i18n";
    | ^^^^^^^^^^^^^^^^^^^^^^^^^^^^^^^^^^^^^^^^^^^^^^^^^^^
  5 | import AppBar from "@/components/ui/AppBar";
  6 | import BottomNav from "@/components/ui/BottomNav";
  7 | import EmptyState from "@/components/ui/EmptyState";

The export getServerTranslations was not found in module [project]/lib/i18n/index.ts [app-rsc] (ecmascript).
Did you mean to import translations?
All exports of the module are statically known (It doesn't have dynamic exports). So it's known statically that the requested export doesn't exist. @ http://localhost:3000/_next/static/chunks/node_modules_next_dist_1gdrd03._.js:1945
[  121623ms] [LOG] [Fast Refresh] rebuilding @ http://localhost:3000/_next/static/chunks/node_modules_next_dist_1gdrd03._.js:1226
[  127691ms] [LOG] [Fast Refresh] rebuilding @ http://localhost:3000/_next/static/chunks/node_modules_next_dist_1gdrd03._.js:1226
[  127691ms] [LOG] [Fast Refresh] done in 14ms @ http://localhost:3000/_next/static/chunks/node_modules_next_dist_1gdrd03._.js:1226
